Build started 17.10.2015 11:54:46.
     1>Project "C:\Users\BrainBot\Documents\slae\slae\slae.vcxproj" on node 2 (Build target(s)).
     1>AddCudaCompileDeps:
         C:\Program Files (x86)\Microsoft Visual Studio 12.0\VC\bin\cl.exe /E /nologo /showIncludes /TP /D__CUDACC__ /DWIN32 /D_DEBUG /D_CONSOLE /D_MBCS /I"C:\Program Files\NVIDIA GPU Computing Toolkit\CUDA\v7.5\include" /I"C:\Program Files\NVIDIA GPU Computing Toolkit\CUDA\v7.5\bin" /I"C:\Program Files\NVIDIA GPU Computing Toolkit\CUDA\v7.5\include" /I. /FIcuda_runtime.h /c C:\Users\BrainBot\Documents\slae\slae\kernel.cu 
       CudaBuild:
         Compiling CUDA source file kernel.cu...
         cmd.exe /C "C:\Users\BrainBot\AppData\Local\Temp\tmpf1a6408ed287401283413e002de88df1.cmd"
         "C:\Program Files\NVIDIA GPU Computing Toolkit\CUDA\v7.5\bin\nvcc.exe" -gencode=arch=compute_20,code=\"sm_20,compute_20\" --use-local-env --cl-version 2013 -ccbin "C:\Program Files (x86)\Microsoft Visual Studio 12.0\VC\bin"  -I"C:\Program Files\NVIDIA GPU Computing Toolkit\CUDA\v7.5\include" -I"C:\Program Files\NVIDIA GPU Computing Toolkit\CUDA\v7.5\include"  -G   --keep-dir Debug -maxrregcount=0  --machine 32 --compile -cudart static  -g   -DWIN32 -D_DEBUG -D_CONSOLE -D_MBCS -Xcompiler "/EHsc /W3 /nologo /Od /Zi /RTC1 /MDd " -o Debug\kernel.cu.obj "C:\Users\BrainBot\Documents\slae\slae\kernel.cu"
         
         C:\Users\BrainBot\Documents\slae\slae>"C:\Program Files\NVIDIA GPU Computing Toolkit\CUDA\v7.5\bin\nvcc.exe" -gencode=arch=compute_20,code=\"sm_20,compute_20\" --use-local-env --cl-version 2013 -ccbin "C:\Program Files (x86)\Microsoft Visual Studio 12.0\VC\bin"  -I"C:\Program Files\NVIDIA GPU Computing Toolkit\CUDA\v7.5\include" -I"C:\Program Files\NVIDIA GPU Computing Toolkit\CUDA\v7.5\include"  -G   --keep-dir Debug -maxrregcount=0  --machine 32 --compile -cudart static  -g   -DWIN32 -D_DEBUG -D_CONSOLE -D_MBCS -Xcompiler "/EHsc /W3 /nologo /Od /Zi /RTC1 /MDd " -o Debug\kernel.cu.obj "C:\Users\BrainBot\Documents\slae\slae\kernel.cu" 
         kernel.cu
     1>C:/Users/BrainBot/Documents/slae/slae/kernel.cu(63): warning C4244: 'initializing' : conversion from 'double' to 'float', possible loss of data
     1>C:/Users/BrainBot/Documents/slae/slae/kernel.cu(71): warning C4244: 'argument' : conversion from 'time_t' to 'unsigned int', possible loss of data
     1>C:/Users/BrainBot/Documents/slae/slae/kernel.cu(81): warning C4244: 'initializing' : conversion from 'float' to 'int', possible loss of data
     1>C:/Users/BrainBot/Documents/slae/slae/kernel.cu(109): warning C4244: '=' : conversion from 'int' to 'float', possible loss of data
     1>C:/Users/BrainBot/Documents/slae/slae/kernel.cu(110): warning C4244: '=' : conversion from 'int' to 'float', possible loss of data
     1>C:/Users/BrainBot/Documents/slae/slae/kernel.cu(126): warning C4244: '=' : conversion from 'int' to 'float', possible loss of data
       Link:
         C:\Program Files (x86)\Microsoft Visual Studio 12.0\VC\bin\link.exe /ERRORREPORT:PROMPT /OUT:"C:\Users\BrainBot\Documents\slae\Debug\slae.exe" /INCREMENTAL /NOLOGO /LIBPATH:"C:\Program Files\NVIDIA GPU Computing Toolkit\CUDA\v7.5\lib\Win32" cudart.lib kernel32.lib user32.lib gdi32.lib winspool.lib comdlg32.lib advapi32.lib shell32.lib ole32.lib oleaut32.lib uuid.lib odbc32.lib odbccp32.lib kernel32.lib user32.lib gdi32.lib winspool.lib comdlg32.lib advapi32.lib shell32.lib ole32.lib oleaut32.lib uuid.lib odbc32.lib odbccp32.lib /MANIFEST /MANIFESTUAC:"level='asInvoker' uiAccess='false'" /manifest:embed /DEBUG /PDB:"C:\Users\BrainBot\Documents\slae\Debug\slae.pdb" /SUBSYSTEM:CONSOLE /TLBID:1 /DYNAMICBASE /NXCOMPAT /IMPLIB:"C:\Users\BrainBot\Documents\slae\Debug\slae.lib" /MACHINE:X86 Debug\kernel.cu.obj
         slae.vcxproj -> C:\Users\BrainBot\Documents\slae\Debug\slae.exe
       PostBuildEvent:
         echo copy "C:\Program Files\NVIDIA GPU Computing Toolkit\CUDA\v7.5\bin\cudart*.dll" "C:\Users\BrainBot\Documents\slae\Debug\"
         copy "C:\Program Files\NVIDIA GPU Computing Toolkit\CUDA\v7.5\bin\cudart*.dll" "C:\Users\BrainBot\Documents\slae\Debug\"
         :VCEnd
         copy "C:\Program Files\NVIDIA GPU Computing Toolkit\CUDA\v7.5\bin\cudart*.dll" "C:\Users\BrainBot\Documents\slae\Debug\"
         C:\Program Files\NVIDIA GPU Computing Toolkit\CUDA\v7.5\bin\cudart32_75.dll
         C:\Program Files\NVIDIA GPU Computing Toolkit\CUDA\v7.5\bin\cudart64_75.dll
         Скопировано файлов:         2.
     1>Done Building Project "C:\Users\BrainBot\Documents\slae\slae\slae.vcxproj" (Build target(s)).

Build succeeded.

Time Elapsed 00:00:07.27
